# JRE version: OpenJDK Runtime Environment Temurin-17.0.13+11 (17.0.13+11) (build 17.0.13+11)
# Java VM: OpenJDK 64-Bit Server VM Temurin-17.0.13+11 (17.0.13+11, mixed mode, tiered, compressed oops, compressed class ptrs, g1 gc, windows-amd64)
GC Precious Log:
 CPUs: 12 total, 12 available
 Memory: 16312M
 Large Page Support: Disabled
 NUMA Support: Disabled
 Compressed Oops: Enabled (Zero based)
 Heap Region Size: 2M
 Heap Min Capacity: 8M
 Heap Initial Capacity: 256M
 Heap Max Capacity: 4080M
 Pre-touch: Disabled
 Parallel Workers: 10
 Concurrent Workers: 3
 Concurrent Refinement Workers: 10
 Periodic GC: Disabled
Heap:
 garbage-first heap   total 92160K, used 49252K [0x0000000701000000, 0x0000000800000000)
  region size 2048K, 8 young (16384K), 2 survivors (4096K)
 Metaspace       used 89823K, committed 90560K, reserved 1179648K
  class space    used 11959K, committed 12288K, reserved 1048576K
GC Heap History (20 events):
Event: 8.484 GC heap before
{Heap before GC invocations=23 (full 0):
 garbage-first heap   total 75776K, used 59722K [0x0000000701000000, 0x0000000800000000)
  region size 2048K, 14 young (28672K), 2 survivors (4096K)
 Metaspace       used 82706K, committed 83328K, reserved 1179648K
  class space    used 11066K, committed 11392K, reserved 1048576K
}
Event: 8.488 GC heap after
{Heap after GC invocations=24 (full 0):
 garbage-first heap   total 92160K, used 36587K [0x0000000701000000, 0x0000000800000000)
  region size 2048K, 2 young (4096K), 2 survivors (4096K)
 Metaspace       used 82706K, committed 83328K, reserved 1179648K
  class space    used 11066K, committed 11392K, reserved 1048576K
}
Event: 9.886 GC heap before
{Heap before GC invocations=24 (full 0):
 garbage-first heap   total 92160K, used 71403K [0x0000000701000000, 0x0000000800000000)
  region size 2048K, 19 young (38912K), 2 survivors (4096K)
 Metaspace       used 85634K, committed 86400K, reserved 1179648K
  class space    used 11494K, committed 11840K, reserved 1048576K
}
Event: 9.890 GC heap after
{Heap after GC invocations=25 (full 0):
 garbage-first heap   total 92160K, used 38243K [0x0000000701000000, 0x0000000800000000)
  region size 2048K, 2 young (4096K), 2 survivors (4096K)
 Metaspace       used 85634K, committed 86400K, reserved 1179648K
  class space    used 11494K, committed 11840K, reserved 1048576K
}
Event: 110.949 GC heap before
{Heap before GC invocations=25 (full 0):
 garbage-first heap   total 92160K, used 64867K [0x0000000701000000, 0x0000000800000000)
  region size 2048K, 17 young (34816K), 2 survivors (4096K)
 Metaspace       used 88828K, committed 89536K, reserved 1179648K
  class space    used 11890K, committed 12224K, reserved 1048576K
}
Event: 110.993 GC heap after
{Heap after GC invocations=26 (full 1):
 garbage-first heap   total 92160K, used 32054K [0x0000000701000000, 0x0000000800000000)
  region size 2048K, 0 young (0K), 0 survivors (0K)
 Metaspace       used 88828K, committed 89536K, reserved 1179648K
  class space    used 11890K, committed 12224K, reserved 1048576K
}
Event: 111.546 GC heap before
{Heap before GC invocations=26 (full 1):
 garbage-first heap   total 92160K, used 68918K [0x0000000701000000, 0x0000000800000000)
  region size 2048K, 18 young (36864K), 0 survivors (0K)
 Metaspace       used 88910K, committed 89664K, reserved 1179648K
  class space    used 11900K, committed 12224K, reserved 1048576K
}
Event: 111.549 GC heap after
{Heap after GC invocations=27 (full 1):
 garbage-first heap   total 92160K, used 35396K [0x0000000701000000, 0x0000000800000000)
  region size 2048K, 2 young (4096K), 2 survivors (4096K)
 Metaspace       used 88910K, committed 89664K, reserved 1179648K
  class space    used 11900K, committed 12224K, reserved 1048576K
}
Event: 111.981 GC heap before
{Heap before GC invocations=27 (full 1):
 garbage-first heap   total 92160K, used 68164K [0x0000000701000000, 0x0000000800000000)
  region size 2048K, 18 young (36864K), 2 survivors (4096K)
 Metaspace       used 89008K, committed 89728K, reserved 1179648K
  class space    used 11906K, committed 12224K, reserved 1048576K
}
Event: 111.985 GC heap after
{Heap after GC invocations=28 (full 1):
 garbage-first heap   total 92160K, used 36829K [0x0000000701000000, 0x0000000800000000)
  region size 2048K, 3 young (6144K), 3 survivors (6144K)
 Metaspace       used 89008K, committed 89728K, reserved 1179648K
  class space    used 11906K, committed 12224K, reserved 1048576K
}
Event: 112.461 GC heap before
{Heap before GC invocations=28 (full 1):
 garbage-first heap   total 92160K, used 69597K [0x0000000701000000, 0x0000000800000000)
  region size 2048K, 19 young (38912K), 3 survivors (6144K)
 Metaspace       used 89404K, committed 90176K, reserved 1179648K
  class space    used 11934K, committed 12288K, reserved 1048576K
}
Event: 112.467 GC heap after
{Heap after GC invocations=29 (full 1):
 garbage-first heap   total 92160K, used 38661K [0x0000000701000000, 0x0000000800000000)
  region size 2048K, 2 young (4096K), 2 survivors (4096K)
 Metaspace       used 89404K, committed 90176K, reserved 1179648K
  class space    used 11934K, committed 12288K, reserved 1048576K
}
Event: 112.788 GC heap before
{Heap before GC invocations=29 (full 1):
 garbage-first heap   total 92160K, used 69381K [0x0000000701000000, 0x0000000800000000)
  region size 2048K, 17 young (34816K), 2 survivors (4096K)
 Metaspace       used 89562K, committed 90304K, reserved 1179648K
  class space    used 11941K, committed 12288K, reserved 1048576K
}
Event: 112.792 GC heap after
{Heap after GC invocations=30 (full 1):
 garbage-first heap   total 92160K, used 39951K [0x0000000701000000, 0x0000000800000000)
  region size 2048K, 2 young (4096K), 2 survivors (4096K)
 Metaspace       used 89562K, committed 90304K, reserved 1179648K
  class space    used 11941K, committed 12288K, reserved 1048576K
}
Event: 113.078 GC heap before
{Heap before GC invocations=30 (full 1):
 garbage-first heap   total 92160K, used 68623K [0x0000000701000000, 0x0000000800000000)
  region size 2048K, 16 young (32768K), 2 survivors (4096K)
 Metaspace       used 89600K, committed 90368K, reserved 1179648K
  class space    used 11942K, committed 12288K, reserved 1048576K
}
Event: 113.082 GC heap after
{Heap after GC invocations=31 (full 1):
 garbage-first heap   total 92160K, used 41098K [0x0000000701000000, 0x0000000800000000)
  region size 2048K, 2 young (4096K), 2 survivors (4096K)
 Metaspace       used 89600K, committed 90368K, reserved 1179648K
  class space    used 11942K, committed 12288K, reserved 1048576K
}
Event: 117.781 GC heap before
{Heap before GC invocations=32 (full 1):
 garbage-first heap   total 92160K, used 55434K [0x0000000701000000, 0x0000000800000000)
  region size 2048K, 10 young (20480K), 2 survivors (4096K)
 Metaspace       used 89631K, committed 90432K, reserved 1179648K
  class space    used 11943K, committed 12288K, reserved 1048576K
}
Event: 117.823 GC heap after
{Heap after GC invocations=33 (full 2):
 garbage-first heap   total 92160K, used 35627K [0x0000000701000000, 0x0000000800000000)
  region size 2048K, 0 young (0K), 0 survivors (0K)
 Metaspace       used 89631K, committed 90432K, reserved 1179648K
  class space    used 11943K, committed 12288K, reserved 1048576K
}
Event: 118.261 GC heap before
{Heap before GC invocations=33 (full 2):
 garbage-first heap   total 92160K, used 72491K [0x0000000701000000, 0x0000000800000000)
  region size 2048K, 19 young (38912K), 0 survivors (0K)
 Metaspace       used 89784K, committed 90560K, reserved 1179648K
  class space    used 11958K, committed 12288K, reserved 1048576K
}
Event: 118.263 GC heap after
{Heap after GC invocations=34 (full 2):
 garbage-first heap   total 92160K, used 39012K [0x0000000701000000, 0x0000000800000000)
  region size 2048K, 2 young (4096K), 2 survivors (4096K)
 Metaspace       used 89784K, committed 90560K, reserved 1179648K
  class space    used 11958K, committed 12288K, reserved 1048576K
}

